c:\users\ellio\onedrive\documents\visual studio 2019 - copy\projects\game engine\fthi\core\x64\debug\vc143.pdb
c:\users\ellio\onedrive\documents\visual studio 2019 - copy\projects\game engine\fthi\core\x64\debug\vc143.idb
c:\users\ellio\onedrive\documents\visual studio 2019 - copy\projects\game engine\fthi\core\x64\debug\glad.obj
c:\users\ellio\onedrive\documents\visual studio 2019 - copy\projects\game engine\fthi\core\x64\debug\verticalline.obj
c:\users\ellio\onedrive\documents\visual studio 2019 - copy\projects\game engine\fthi\core\x64\debug\rightmaskline.obj
c:\users\ellio\onedrive\documents\visual studio 2019 - copy\projects\game engine\fthi\core\x64\debug\leftmaskline.obj
c:\users\ellio\onedrive\documents\visual studio 2019 - copy\projects\game engine\fthi\core\x64\debug\rightmaskcurve.obj
c:\users\ellio\onedrive\documents\visual studio 2019 - copy\projects\game engine\fthi\core\x64\debug\leftmaskcurve.obj
c:\users\ellio\onedrive\documents\visual studio 2019 - copy\projects\game engine\fthi\core\x64\debug\curve.obj
c:\users\ellio\onedrive\documents\visual studio 2019 - copy\projects\game engine\fthi\core\x64\debug\triggermask.obj
c:\users\ellio\onedrive\documents\visual studio 2019 - copy\projects\game engine\fthi\core\x64\debug\slope.obj
c:\users\ellio\onedrive\documents\visual studio 2019 - copy\projects\game engine\fthi\core\x64\debug\floormaskslope.obj
c:\users\ellio\onedrive\documents\visual studio 2019 - copy\projects\game engine\fthi\core\x64\debug\ceilingmaskslope.obj
c:\users\ellio\onedrive\documents\visual studio 2019 - copy\projects\game engine\fthi\core\x64\debug\slant.obj
c:\users\ellio\onedrive\documents\visual studio 2019 - copy\projects\game engine\fthi\core\x64\debug\floormaskslant.obj
c:\users\ellio\onedrive\documents\visual studio 2019 - copy\projects\game engine\fthi\core\x64\debug\ceilingmaskslant.obj
c:\users\ellio\onedrive\documents\visual studio 2019 - copy\projects\game engine\fthi\core\x64\debug\horizotnalline.obj
c:\users\ellio\onedrive\documents\visual studio 2019 - copy\projects\game engine\fthi\core\x64\debug\floormaskline.obj
c:\users\ellio\onedrive\documents\visual studio 2019 - copy\projects\game engine\fthi\core\x64\debug\ceilingmaskline.obj
c:\users\ellio\onedrive\documents\visual studio 2019 - copy\projects\game engine\fthi\core\x64\debug\floormask.obj
c:\users\ellio\onedrive\documents\visual studio 2019 - copy\projects\game engine\fthi\core\x64\debug\collisionmask.obj
c:\users\ellio\onedrive\documents\visual studio 2019 - copy\projects\game engine\fthi\core\x64\debug\source.obj
c:\users\ellio\onedrive\documents\visual studio 2019 - copy\projects\game engine\fthi\core\x64\debug\testmask.obj
c:\users\ellio\onedrive\documents\visual studio 2019 - copy\projects\game engine\fthi\core\x64\debug\softbody.obj
c:\users\ellio\onedrive\documents\visual studio 2019 - copy\projects\game engine\fthi\core\x64\debug\rigidtriangle.obj
c:\users\ellio\onedrive\documents\visual studio 2019 - copy\projects\game engine\fthi\core\x64\debug\rigidtrapezoid.obj
c:\users\ellio\onedrive\documents\visual studio 2019 - copy\projects\game engine\fthi\core\x64\debug\rigidrectangle.obj
c:\users\ellio\onedrive\documents\visual studio 2019 - copy\projects\game engine\fthi\core\x64\debug\rigidpolygon.obj
c:\users\ellio\onedrive\documents\visual studio 2019 - copy\projects\game engine\fthi\core\x64\debug\rigidcircle.obj
c:\users\ellio\onedrive\documents\visual studio 2019 - copy\projects\game engine\fthi\core\x64\debug\rigidbody.obj
c:\users\ellio\onedrive\documents\visual studio 2019 - copy\projects\game engine\fthi\core\x64\debug\hinge.obj
c:\users\ellio\onedrive\documents\visual studio 2019 - copy\projects\game engine\fthi\core\x64\debug\anchor.obj
c:\users\ellio\onedrive\documents\visual studio 2019 - copy\projects\game engine\fthi\core\x64\debug\object.obj
c:\users\ellio\onedrive\documents\visual studio 2019 - copy\projects\game engine\fthi\core\x64\debug\spot.obj
c:\users\ellio\onedrive\documents\visual studio 2019 - copy\projects\game engine\fthi\core\x64\debug\point.obj
c:\users\ellio\onedrive\documents\visual studio 2019 - copy\projects\game engine\fthi\core\x64\debug\lightbase.obj
c:\users\ellio\onedrive\documents\visual studio 2019 - copy\projects\game engine\fthi\core\x64\debug\directional.obj
c:\users\ellio\onedrive\documents\visual studio 2019 - copy\projects\game engine\fthi\core\x64\debug\beam.obj
c:\users\ellio\onedrive\documents\visual studio 2019 - copy\projects\game engine\fthi\core\x64\debug\npc.obj
c:\users\ellio\onedrive\documents\visual studio 2019 - copy\projects\game engine\fthi\core\x64\debug\interactables.obj
c:\users\ellio\onedrive\documents\visual studio 2019 - copy\projects\game engine\fthi\core\x64\debug\entitybase.obj
c:\users\ellio\onedrive\documents\visual studio 2019 - copy\projects\game engine\fthi\core\x64\debug\dynamics.obj
c:\users\ellio\onedrive\documents\visual studio 2019 - copy\projects\game engine\fthi\core\x64\debug\controllables.obj
c:\users\ellio\onedrive\documents\visual studio 2019 - copy\projects\game engine\fthi\core\x64\debug\sublevel.obj
c:\users\ellio\onedrive\documents\visual studio 2019 - copy\projects\game engine\fthi\core\x64\debug\level.obj
c:\users\ellio\onedrive\documents\visual studio 2019 - copy\projects\game engine\fthi\core\x64\debug\changecontroller.obj
c:\users\ellio\onedrive\documents\visual studio 2019 - copy\projects\game engine\fthi\core\x64\debug\togglegroup.obj
c:\users\ellio\onedrive\documents\visual studio 2019 - copy\projects\game engine\fthi\core\x64\debug\textobject.obj
c:\users\ellio\onedrive\documents\visual studio 2019 - copy\projects\game engine\fthi\core\x64\debug\scrollbar.obj
c:\users\ellio\onedrive\documents\visual studio 2019 - copy\projects\game engine\fthi\core\x64\debug\colorwheel.obj
c:\users\ellio\onedrive\documents\visual studio 2019 - copy\projects\game engine\fthi\core\x64\debug\box.obj
c:\users\ellio\onedrive\documents\visual studio 2019 - copy\projects\game engine\fthi\core\x64\debug\selector.obj
c:\users\ellio\onedrive\documents\visual studio 2019 - copy\projects\game engine\fthi\core\x64\debug\scriptwizard.obj
c:\users\ellio\onedrive\documents\visual studio 2019 - copy\projects\game engine\fthi\core\x64\debug\projectselector.obj
c:\users\ellio\onedrive\documents\visual studio 2019 - copy\projects\game engine\fthi\core\x64\debug\objectinfo.obj
c:\users\ellio\onedrive\documents\visual studio 2019 - copy\projects\game engine\fthi\core\x64\debug\notification.obj
c:\users\ellio\onedrive\documents\visual studio 2019 - copy\projects\game engine\fthi\core\x64\debug\editorwindow.obj
c:\users\ellio\onedrive\documents\visual studio 2019 - copy\projects\game engine\fthi\core\x64\debug\editoroptions.obj
c:\users\ellio\onedrive\documents\visual studio 2019 - copy\projects\game engine\fthi\core\x64\debug\debugger.obj
c:\users\ellio\onedrive\documents\visual studio 2019 - copy\projects\game engine\fthi\core\x64\debug\camera.obj
c:\users\ellio\onedrive\documents\visual studio 2019 - copy\projects\game engine\fthi\core\x64\debug\terrainbase.obj
c:\users\ellio\onedrive\documents\visual studio 2019 - copy\projects\game engine\fthi\core\x64\debug\wire.obj
c:\users\ellio\onedrive\documents\visual studio 2019 - copy\projects\game engine\fthi\core\x64\debug\springmass.obj
c:\users\ellio\onedrive\documents\visual studio 2019 - copy\projects\game engine\fthi\core\x64\debug\textures.obj
c:\users\ellio\onedrive\documents\visual studio 2019 - copy\projects\game engine\fthi\core\x64\debug\fonts.obj
c:\users\ellio\onedrive\documents\visual studio 2019 - copy\projects\game engine\fthi\core\x64\debug\audio.obj
c:\users\ellio\onedrive\documents\visual studio 2019 - copy\projects\game engine\fthi\core\x64\debug\eventlisteners.obj
c:\users\ellio\onedrive\documents\visual studio 2019 - copy\projects\game engine\fthi\core\x64\debug\pointcollisions.obj
c:\users\ellio\onedrive\documents\visual studio 2019 - copy\projects\game engine\fthi\core\x64\debug\physicscollisions.obj
c:\users\ellio\onedrive\documents\visual studio 2019 - copy\projects\game engine\fthi\core\x64\debug\maskcollisions.obj
c:\users\ellio\onedrive\documents\visual studio 2019 - copy\projects\game engine\fthi\core\x64\debug\sortingalgorithms.obj
c:\users\ellio\onedrive\documents\visual studio 2019 - copy\projects\game engine\fthi\core\x64\debug\quickmath.obj
c:\users\ellio\onedrive\documents\visual studio 2019 - copy\projects\game engine\fthi\core\x64\debug\common.obj
c:\users\ellio\onedrive\documents\visual studio 2019 - copy\projects\game engine\fthi\core\x64\debug\globals.obj
c:\users\ellio\onedrive\documents\visual studio 2019 - copy\projects\game engine\fthi\core\x64\debug\linkedlist.obj
c:\users\ellio\onedrive\documents\visual studio 2019 - copy\projects\game engine\fthi\core\x64\debug\triangle.obj
c:\users\ellio\onedrive\documents\visual studio 2019 - copy\projects\game engine\fthi\core\x64\debug\trapezoid.obj
c:\users\ellio\onedrive\documents\visual studio 2019 - copy\projects\game engine\fthi\core\x64\debug\rectangle.obj
c:\users\ellio\onedrive\documents\visual studio 2019 - copy\projects\game engine\fthi\core\x64\debug\polygon.obj
c:\users\ellio\onedrive\documents\visual studio 2019 - copy\projects\game engine\fthi\core\x64\debug\circle.obj
c:\users\ellio\onedrive\documents\visual studio 2019 - copy\projects\game engine\fthi\core\x64\debug\shader.obj
c:\users\ellio\onedrive\documents\visual studio 2019 - copy\projects\game engine\fthi\core\x64\debug\unsavedlevel.obj
c:\users\ellio\onedrive\documents\visual studio 2019 - copy\projects\game engine\fthi\core\x64\debug\texturehandler.obj
c:\users\ellio\onedrive\documents\visual studio 2019 - copy\projects\game engine\fthi\core\x64\debug\visualizer.obj
c:\users\ellio\onedrive\documents\visual studio 2019 - copy\projects\game engine\fthi\core\x64\debug\trianglevertices.obj
c:\users\ellio\onedrive\documents\visual studio 2019 - copy\projects\game engine\fthi\core\x64\debug\trapezoidvertices.obj
c:\users\ellio\onedrive\documents\visual studio 2019 - copy\projects\game engine\fthi\core\x64\debug\rectanglevertices.obj
c:\users\ellio\onedrive\documents\visual studio 2019 - copy\projects\game engine\fthi\core\x64\debug\linevertices.obj
c:\users\ellio\onedrive\documents\visual studio 2019 - copy\projects\game engine\fthi\core\x64\debug\circlevertices.obj
c:\users\ellio\onedrive\documents\visual studio 2019 - copy\projects\game engine\fthi\core\x64\debug\objectbuffers.obj
c:\users\ellio\onedrive\documents\visual studio 2019 - copy\projects\game engine\fthi\core\x64\debug\prerender.obj
c:\users\ellio\onedrive\documents\visual studio 2019 - copy\projects\game engine\fthi\core\x64\debug\postrender.obj
c:\users\ellio\onedrive\documents\visual studio 2019 - copy\projects\game engine\fthi\core\x64\debug\initialize.obj
c:\users\ellio\onedrive\documents\visual studio 2019 - copy\projects\game engine\fthi\core\x64\debug\exit.obj
c:\users\ellio\onedrive\documents\visual studio 2019 - copy\projects\game engine\fthi\core\x64\debug\editorfunctions.obj
c:\users\ellio\onedrive\documents\visual studio 2019 - copy\projects\game engine\fthi\core\x64\debug\loop.obj
c:\users\ellio\onedrive\documents\visual studio 2019 - copy\projects\game engine\fthi\x64\debug\core.exe
c:\users\ellio\onedrive\documents\visual studio 2019 - copy\projects\game engine\fthi\core\x64\debug\core.ilk
c:\users\ellio\onedrive\documents\visual studio 2019 - copy\projects\game engine\fthi\x64\debug\core.pdb
c:\users\ellio\onedrive\documents\visual studio 2019 - copy\projects\game engine\fthi\core\x64\debug\core.tlog\cl.command.1.tlog
c:\users\ellio\onedrive\documents\visual studio 2019 - copy\projects\game engine\fthi\core\x64\debug\core.tlog\cl.read.1.tlog
c:\users\ellio\onedrive\documents\visual studio 2019 - copy\projects\game engine\fthi\core\x64\debug\core.tlog\cl.write.1.tlog
c:\users\ellio\onedrive\documents\visual studio 2019 - copy\projects\game engine\fthi\core\x64\debug\core.tlog\link.command.1.tlog
c:\users\ellio\onedrive\documents\visual studio 2019 - copy\projects\game engine\fthi\core\x64\debug\core.tlog\link.read.1.tlog
c:\users\ellio\onedrive\documents\visual studio 2019 - copy\projects\game engine\fthi\core\x64\debug\core.tlog\link.write.1.tlog
